<?xml version="1.0" encoding="UTF-8"?>
<!-- Generated by org.testng.reporters.JUnitXMLReporter -->
<testsuite hostname="Ashwin.local" name="TestNG Test2" tests="2" failures="2" timestamp="25 May 2017 14:26:03 GMT" time="15.688" errors="0">
  <testcase name="@AfterClass shutDown" time="0.0" classname="com.testrunner.MailTest">
    <failure type="java.lang.NullPointerException">
      <![CDATA[java.lang.NullPointerException
	at com.setup.WebSetup.shutBrowser(WebSetup.java:41)
	at com.testrunner.MailTest.shutDown(MailTest.java:54)
... Removed 24 stack frames]]>
    </failure>
  </testcase> <!-- @AfterClass shutDown -->
  <testcase name="homePageTest" time="0.034" classname="com.testrunner.MailTest">
    <failure type="java.lang.NullPointerException">
      <![CDATA[java.lang.NullPointerException
	at com.setup.GenericMethods.navigate(GenericMethods.java:19)
	at com.pageobjects.HomePage.navigateToHomePage(HomePage.java:25)
	at com.testrunner.MailTest.homePageTest(MailTest.java:37)
... Removed 24 stack frames]]>
    </failure>
  </testcase> <!-- homePageTest -->
  <testcase name="searchPageTest" time="0.001" classname="com.testrunner.MailTest">
    <failure type="java.lang.NullPointerException">
      <![CDATA[java.lang.NullPointerException
	at com.testrunner.MailTest.searchPageTest(MailTest.java:46)
... Removed 24 stack frames]]>
    </failure>
  </testcase> <!-- searchPageTest -->
</testsuite> <!-- TestNG Test2 -->
