<?xml version="1.0" encoding="UTF-8"?>
<testng-results skipped="0" failed="0" total="2" passed="2">
  <reporter-output>
  </reporter-output>
  <suite name="TestNG Suite" duration-ms="70617" started-at="2017-05-25T14:52:49Z" finished-at="2017-05-25T14:53:59Z">
    <groups>
    </groups>
    <test name="TestNG Test1" duration-ms="70617" started-at="2017-05-25T14:52:49Z" finished-at="2017-05-25T14:53:59Z">
      <class name="com.testrunner.MailTest">
        <test-method status="PASS" signature="beforeSetup(java.lang.String)[pri:0, instance:com.testrunner.MailTest@5e3a8624]" name="beforeSetup" is-config="true" duration-ms="5377" started-at="2017-05-25T20:22:49Z" finished-at="2017-05-25T20:22:54Z">
          <params>
            <param index="0">
              <value>
                <![CDATA[Firefox]]>
              </value>
            </param>
          </params>
          <reporter-output>
          </reporter-output>
        </test-method> <!-- beforeSetup -->
        <test-method status="PASS" signature="homePageTest()[pri:1, instance:com.testrunner.MailTest@5e3a8624]" name="homePageTest" duration-ms="37909" started-at="2017-05-25T20:22:54Z" finished-at="2017-05-25T20:23:32Z">
          <reporter-output>
          </reporter-output>
        </test-method> <!-- homePageTest -->
        <test-method status="PASS" signature="searchPageTest()[pri:2, instance:com.testrunner.MailTest@5e3a8624]" name="searchPageTest" duration-ms="26916" started-at="2017-05-25T20:23:32Z" finished-at="2017-05-25T20:23:59Z">
          <reporter-output>
          </reporter-output>
        </test-method> <!-- searchPageTest -->
        <test-method status="PASS" signature="shutDown(java.lang.String)[pri:0, instance:com.testrunner.MailTest@5e3a8624]" name="shutDown" is-config="true" duration-ms="338" started-at="2017-05-25T20:23:59Z" finished-at="2017-05-25T20:23:59Z">
          <params>
            <param index="0">
              <value>
                <![CDATA[Firefox]]>
              </value>
            </param>
          </params>
          <reporter-output>
          </reporter-output>
        </test-method> <!-- shutDown -->
      </class> <!-- com.testrunner.MailTest -->
    </test> <!-- TestNG Test1 -->
  </suite> <!-- TestNG Suite -->
</testng-results>
